[INFO] Scanning for projects...
[INFO] 
[INFO] -----------------< com.rplbo.app:RPL_WedMateAssistant >-----------------
[INFO] Building RPL_WedMateAssistant 1.0-SNAPSHOT
[INFO]   from pom.xml
[INFO] --------------------------------[ jar ]---------------------------------
[INFO] 
[INFO] --- clean:3.2.0:clean (default-clean) @ RPL_WedMateAssistant ---
[INFO] Deleting /Users/audriskasula/IdeaProjects/RPL_WedMateAssistant/target
[INFO] 
[INFO] >>> javafx:0.0.8:run (default-cli) > process-classes @ RPL_WedMateAssistant >>>
[INFO] 
[INFO] --- resources:3.4.0:resources (default-resources) @ RPL_WedMateAssistant ---
[INFO] Copying 6 resources from src/main/resources to target/classes
[INFO] 
[INFO] --- compiler:3.13.0:compile (default-compile) @ RPL_WedMateAssistant ---
[INFO] Recompiling the module because of changed source code.
[INFO] Compiling 23 source files with javac [debug release 17 module-path] to target/classes
[INFO] /Users/audriskasula/IdeaProjects/RPL_WedMateAssistant/src/main/java/com/rplbo/app/rpl_wedmateassistant/controller/AdminController.java: /Users/audriskasula/IdeaProjects/RPL_WedMateAssistant/src/main/java/com/rplbo/app/rpl_wedmateassistant/controller/AdminController.java uses or overrides a deprecated API.
[INFO] /Users/audriskasula/IdeaProjects/RPL_WedMateAssistant/src/main/java/com/rplbo/app/rpl_wedmateassistant/controller/AdminController.java: Recompile with -Xlint:deprecation for details.
[INFO] 
[INFO] <<< javafx:0.0.8:run (default-cli) < process-classes @ RPL_WedMateAssistant <<<
[INFO] 
[INFO] 
[INFO] --- javafx:0.0.8:run (default-cli) @ RPL_WedMateAssistant ---
WARNING: A restricted method in java.lang.System has been called
WARNING: java.lang.System::load has been called by com.sun.glass.utils.NativeLibLoader in module javafx.graphics (file:/Users/audriskasula/.m2/repository/org/openjfx/javafx-graphics/21.0.6/javafx-graphics-21.0.6-mac-aarch64.jar)
WARNING: Use --enable-native-access=javafx.graphics to avoid a warning for callers in this module
WARNING: Restricted methods will be blocked in a future release unless native access is enabled

WARNING: A restricted method in java.lang.System has been called
WARNING: java.lang.System::load has been called by org.sqlite.SQLiteJDBCLoader in module org.xerial.sqlitejdbc (file:/Users/audriskasula/.m2/repository/org/xerial/sqlite-jdbc/3.47.1.0/sqlite-jdbc-3.47.1.0.jar)
WARNING: Use --enable-native-access=org.xerial.sqlitejdbc to avoid a warning for callers in this module
WARNING: Restricted methods will be blocked in a future release unless native access is enabled

[DatabaseManager] Database berhasil diinisialisasi. File: wedmate.db
[DataSeeder] Seeding selesai.
WARNING: A terminally deprecated method in sun.misc.Unsafe has been called
WARNING: sun.misc.Unsafe::allocateMemory has been called by com.sun.marlin.OffHeapArray (file:/Users/audriskasula/.m2/repository/org/openjfx/javafx-graphics/21.0.6/javafx-graphics-21.0.6-mac-aarch64.jar)
WARNING: Please consider reporting this to the maintainers of class com.sun.marlin.OffHeapArray
WARNING: sun.misc.Unsafe::allocateMemory will be removed in a future release
